\BOOKMARK [0][-]{chapter.1}{Introduction}{}% 1
\BOOKMARK [1][-]{section.1.1}{Motivations for Mining Taxi GPS Trajectories}{chapter.1}% 2
\BOOKMARK [1][-]{section.1.2}{Practical Limitations}{chapter.1}% 3
\BOOKMARK [1][-]{section.1.3}{Related Work}{chapter.1}% 4
\BOOKMARK [0][-]{chapter.2}{Preliminary Data Processing}{}% 5
\BOOKMARK [1][-]{section.2.1}{Data Collection and Cleaning}{chapter.2}% 6
\BOOKMARK [1][-]{section.2.2}{Reverse Geocoding}{chapter.2}% 7
\BOOKMARK [1][-]{section.2.3}{Outlier Detection}{chapter.2}% 8
\BOOKMARK [2][-]{subsection.2.3.1}{Motivation for Outlier Detection}{section.2.3}% 9
\BOOKMARK [2][-]{subsection.2.3.2}{Outlier Identification}{section.2.3}% 10
\BOOKMARK [2][-]{subsection.2.3.3}{Outlier Removal}{section.2.3}% 11
\BOOKMARK [0][-]{chapter.3}{Landmark Graph Construction}{}% 12
\BOOKMARK [1][-]{section.3.1}{Trip Identification}{chapter.3}% 13
\BOOKMARK [1][-]{section.3.2}{Landmark Frequency}{chapter.3}% 14
\BOOKMARK [1][-]{section.3.3}{Landmark Graph}{chapter.3}% 15
\BOOKMARK [0][-]{chapter.4}{Time-Dependent Edge Cost Estimation}{}% 16
\BOOKMARK [1][-]{section.4.1}{Travel Time Distribution}{chapter.4}% 17
\BOOKMARK [1][-]{section.4.2}{Travel Time Evaluation}{chapter.4}% 18
\BOOKMARK [0][-]{chapter.5}{Time-Dependent Shortest Path Calculation}{}% 19
\BOOKMARK [0][-]{appendix.A}{Source Code}{}% 20
\BOOKMARK [1][-]{section.A.1}{Database Utilities}{appendix.A}% 21
\BOOKMARK [1][-]{section.A.2}{Data Pre-processing}{appendix.A}% 22
\BOOKMARK [1][-]{section.A.3}{Landmark Graph Construction}{appendix.A}% 23
